<?xml version="1.0" encoding="UTF-8"?>
<testng-results skipped="0" failed="0" total="1" passed="1">
  <reporter-output>
  </reporter-output>
  <suite name="Default suite" duration-ms="186" started-at="2019-10-03T05:27:31Z" finished-at="2019-10-03T05:27:31Z">
    <groups>
    </groups>
    <test name="Default test" duration-ms="186" started-at="2019-10-03T05:27:31Z" finished-at="2019-10-03T05:27:31Z">
      <class name="TestTitle">
        <test-method status="PASS" signature="test()[pri:0, instance:TestTitle@34ce8af7]" name="test" duration-ms="125" started-at="2019-10-03T10:57:31Z" finished-at="2019-10-03T10:57:31Z">
          <reporter-output>
          </reporter-output>
        </test-method> <!-- test -->
      </class> <!-- TestTitle -->
    </test> <!-- Default test -->
  </suite> <!-- Default suite -->
</testng-results>
